2013-06-30 02:35:55 Notice: Notice (8): Object of class UsersController could not be converted to int in [/var/www/pafe/app/controllers/users_controller.php, line 30]
2013-06-30 03:11:27 Notice: Notice (8): Undefined offset: 0 in [/var/www/pafe/cake/libs/model/datasources/dbo_source.php, line 1467]
2013-06-30 03:11:27 Notice: Notice (8): Undefined offset: 1 in [/var/www/pafe/cake/libs/model/datasources/dbo_source.php, line 1467]
2013-06-30 03:11:27 Notice: Notice (8): Undefined offset: 2 in [/var/www/pafe/cake/libs/model/datasources/dbo_source.php, line 1467]
2013-06-30 03:11:27 Notice: Notice (8): Array to string conversion in [/var/www/pafe/cake/libs/model/datasources/dbo_source.php, line 1479]
2013-06-30 03:21:00 Notice: Notice (8): Undefined variable: results in [/var/www/pafe/app/controllers/users_controller.php, line 28]
2013-06-30 03:23:40 Notice: Notice (8): Undefined offset: 0 in [/var/www/pafe/cake/libs/model/datasources/dbo_source.php, line 1467]
2013-06-30 03:23:40 Notice: Notice (8): Undefined offset: 1 in [/var/www/pafe/cake/libs/model/datasources/dbo_source.php, line 1467]
2013-06-30 03:23:40 Notice: Notice (8): Undefined offset: 2 in [/var/www/pafe/cake/libs/model/datasources/dbo_source.php, line 1467]
2013-06-30 03:23:40 Notice: Notice (8): Undefined offset: 3 in [/var/www/pafe/cake/libs/model/datasources/dbo_source.php, line 1467]
2013-06-30 03:23:40 Notice: Notice (8): Array to string conversion in [/var/www/pafe/cake/libs/model/datasources/dbo_source.php, line 1479]
2013-06-30 03:24:44 Notice: Notice (8): Undefined offset: 0 in [/var/www/pafe/cake/libs/model/datasources/dbo_source.php, line 1467]
2013-06-30 03:24:44 Notice: Notice (8): Undefined offset: 1 in [/var/www/pafe/cake/libs/model/datasources/dbo_source.php, line 1467]
2013-06-30 03:24:44 Notice: Notice (8): Undefined offset: 2 in [/var/www/pafe/cake/libs/model/datasources/dbo_source.php, line 1467]
2013-06-30 03:24:44 Notice: Notice (8): Undefined offset: 3 in [/var/www/pafe/cake/libs/model/datasources/dbo_source.php, line 1467]
2013-06-30 03:24:44 Notice: Notice (8): Undefined offset: 4 in [/var/www/pafe/cake/libs/model/datasources/dbo_source.php, line 1467]
2013-06-30 03:24:44 Notice: Notice (8): Array to string conversion in [/var/www/pafe/cake/libs/model/datasources/dbo_source.php, line 1479]
2013-06-30 03:25:06 Notice: Notice (8): Undefined offset: 0 in [/var/www/pafe/cake/libs/model/datasources/dbo_source.php, line 1467]
2013-06-30 03:25:07 Notice: Notice (8): Undefined offset: 1 in [/var/www/pafe/cake/libs/model/datasources/dbo_source.php, line 1467]
2013-06-30 03:25:07 Notice: Notice (8): Undefined offset: 2 in [/var/www/pafe/cake/libs/model/datasources/dbo_source.php, line 1467]
2013-06-30 03:25:07 Notice: Notice (8): Undefined offset: 3 in [/var/www/pafe/cake/libs/model/datasources/dbo_source.php, line 1467]
2013-06-30 03:25:07 Notice: Notice (8): Undefined offset: 4 in [/var/www/pafe/cake/libs/model/datasources/dbo_source.php, line 1467]
2013-06-30 03:25:07 Notice: Notice (8): Array to string conversion in [/var/www/pafe/cake/libs/model/datasources/dbo_source.php, line 1479]
2013-06-30 03:25:08 Notice: Notice (8): Undefined offset: 0 in [/var/www/pafe/cake/libs/model/datasources/dbo_source.php, line 1467]
2013-06-30 03:25:08 Notice: Notice (8): Undefined offset: 1 in [/var/www/pafe/cake/libs/model/datasources/dbo_source.php, line 1467]
2013-06-30 03:25:08 Notice: Notice (8): Undefined offset: 2 in [/var/www/pafe/cake/libs/model/datasources/dbo_source.php, line 1467]
2013-06-30 03:25:08 Notice: Notice (8): Undefined offset: 3 in [/var/www/pafe/cake/libs/model/datasources/dbo_source.php, line 1467]
2013-06-30 03:25:09 Notice: Notice (8): Undefined offset: 4 in [/var/www/pafe/cake/libs/model/datasources/dbo_source.php, line 1467]
2013-06-30 03:25:09 Notice: Notice (8): Array to string conversion in [/var/www/pafe/cake/libs/model/datasources/dbo_source.php, line 1479]
2013-06-30 03:25:29 Notice: Notice (8): Undefined offset: 0 in [/var/www/pafe/cake/libs/model/datasources/dbo_source.php, line 1467]
2013-06-30 03:25:29 Notice: Notice (8): Undefined offset: 1 in [/var/www/pafe/cake/libs/model/datasources/dbo_source.php, line 1467]
2013-06-30 03:25:29 Notice: Notice (8): Undefined offset: 2 in [/var/www/pafe/cake/libs/model/datasources/dbo_source.php, line 1467]
2013-06-30 03:25:29 Notice: Notice (8): Undefined offset: 3 in [/var/www/pafe/cake/libs/model/datasources/dbo_source.php, line 1467]
2013-06-30 03:25:29 Notice: Notice (8): Undefined offset: 4 in [/var/www/pafe/cake/libs/model/datasources/dbo_source.php, line 1467]
2013-06-30 03:25:29 Notice: Notice (8): Array to string conversion in [/var/www/pafe/cake/libs/model/datasources/dbo_source.php, line 1479]
2013-06-30 03:25:48 Notice: Notice (8): Undefined offset: 0 in [/var/www/pafe/cake/libs/model/datasources/dbo_source.php, line 1467]
2013-06-30 03:25:48 Notice: Notice (8): Undefined offset: 1 in [/var/www/pafe/cake/libs/model/datasources/dbo_source.php, line 1467]
2013-06-30 03:25:48 Notice: Notice (8): Undefined offset: 2 in [/var/www/pafe/cake/libs/model/datasources/dbo_source.php, line 1467]
2013-06-30 03:25:48 Notice: Notice (8): Undefined offset: 3 in [/var/www/pafe/cake/libs/model/datasources/dbo_source.php, line 1467]
2013-06-30 03:25:48 Notice: Notice (8): Undefined offset: 4 in [/var/www/pafe/cake/libs/model/datasources/dbo_source.php, line 1467]
2013-06-30 03:25:48 Notice: Notice (8): Array to string conversion in [/var/www/pafe/cake/libs/model/datasources/dbo_source.php, line 1479]
2013-06-30 03:25:57 Notice: Notice (8): Undefined offset: 0 in [/var/www/pafe/cake/libs/model/datasources/dbo_source.php, line 1467]
2013-06-30 03:25:57 Notice: Notice (8): Undefined offset: 1 in [/var/www/pafe/cake/libs/model/datasources/dbo_source.php, line 1467]
2013-06-30 03:25:57 Notice: Notice (8): Undefined offset: 2 in [/var/www/pafe/cake/libs/model/datasources/dbo_source.php, line 1467]
2013-06-30 03:25:57 Notice: Notice (8): Undefined offset: 3 in [/var/www/pafe/cake/libs/model/datasources/dbo_source.php, line 1467]
2013-06-30 03:25:57 Notice: Notice (8): Array to string conversion in [/var/www/pafe/cake/libs/model/datasources/dbo_source.php, line 1479]
2013-06-30 03:26:05 Notice: Notice (8): Undefined offset: 0 in [/var/www/pafe/cake/libs/model/datasources/dbo_source.php, line 1467]
2013-06-30 03:26:05 Notice: Notice (8): Undefined offset: 1 in [/var/www/pafe/cake/libs/model/datasources/dbo_source.php, line 1467]
2013-06-30 03:26:05 Notice: Notice (8): Undefined offset: 2 in [/var/www/pafe/cake/libs/model/datasources/dbo_source.php, line 1467]
2013-06-30 03:26:05 Notice: Notice (8): Array to string conversion in [/var/www/pafe/cake/libs/model/datasources/dbo_source.php, line 1479]
2013-06-30 03:26:21 Notice: Notice (8): Undefined offset: 0 in [/var/www/pafe/cake/libs/model/datasources/dbo_source.php, line 1467]
2013-06-30 03:26:22 Notice: Notice (8): Undefined offset: 1 in [/var/www/pafe/cake/libs/model/datasources/dbo_source.php, line 1467]
2013-06-30 03:26:22 Notice: Notice (8): Undefined offset: 2 in [/var/www/pafe/cake/libs/model/datasources/dbo_source.php, line 1467]
2013-06-30 03:26:22 Notice: Notice (8): Array to string conversion in [/var/www/pafe/cake/libs/model/datasources/dbo_source.php, line 1479]
2013-07-16 07:55:52 Notice: Notice (8): Undefined variable: margin_bottom in [/var/www/html/pafe/app/controllers/test_controller.php, line 70]
2013-07-16 07:55:52 Notice: Notice (8): Use of undefined constant margin - assumed 'margin' in [/var/www/html/pafe/app/controllers/test_controller.php, line 95]
2013-07-16 07:56:19 Notice: Notice (8): Use of undefined constant margin - assumed 'margin' in [/var/www/html/pafe/app/controllers/test_controller.php, line 95]
2013-07-18 04:21:36 Notice: Notice (8): Undefined variable: url in [/var/www/html/pafe/app/controllers/test_controller.php, line 53]
2013-07-18 04:33:58 Notice: Notice (8): Undefined index: id in [/var/www/html/pafe/plugins/ibc2/controllers/image_controller.php, line 18]
2013-07-18 04:34:11 Notice: Notice (8): Undefined index: id in [/var/www/html/pafe/plugins/ibc2/controllers/image_controller.php, line 18]
2013-07-18 04:34:24 Notice: Notice (8): Undefined index: id in [/var/www/html/pafe/plugins/ibc2/controllers/image_controller.php, line 18]
2013-07-18 04:34:58 Notice: Notice (8): Undefined index: id in [/var/www/html/pafe/plugins/ibc2/controllers/image_controller.php, line 18]
2013-07-18 04:39:30 Notice: Notice (8): Undefined index: id in [/var/www/html/pafe/plugins/ibc2/controllers/image_controller.php, line 18]
2013-07-18 04:47:58 Notice: Notice (8): Undefined index: id in [/var/www/html/pafe/plugins/ibc2/controllers/image_controller.php, line 18]
2013-07-20 06:26:47 Notice: Notice (8): Undefined variable: javascript in [/var/www/html/pafe/app/views/layouts/header.php, line 20]
2013-07-20 06:26:48 Notice: Notice (8): Undefined variable: javascript in [/var/www/html/pafe/app/views/layouts/header.php, line 20]
2013-07-20 06:26:48 Notice: Notice (8): Undefined variable: javascript in [/var/www/html/pafe/app/views/layouts/header.php, line 20]
2013-07-20 06:27:53 Notice: Notice (8): Undefined variable: javascript in [/var/www/html/pafe/app/views/layouts/header.php, line 20]
2013-07-20 06:27:53 Notice: Notice (8): Undefined variable: javascript in [/var/www/html/pafe/app/views/layouts/header.php, line 20]
2013-07-20 07:48:17 Notice: Notice (8): Uninitialized string offset: 0 in [/var/www/html/pafe/cake/libs/view/helpers/html.php, line 431]
